[2018-06-24 12:55:14,672] QuestionBackManage.py:181(POST): [DEBUG] {'judge_num': 1L, 'total_num': 5L, 'fillb_num': 1L, 'filla_num': 1L, 'coding_num': 1L, 'choice_num': 1L}
[2018-06-24 12:56:56,471] Student.py:659(POST): [DEBUG] #include  <stdio.h>

#define    N    9
 
void fun(int  x[]){
   int  i,j,k,t,mid,b[N];
   for(i=0;i<N;i++) b[i]=x[i];
   for(i=0;i<=N/2;i++)
   {  k=i;
      for(j=i+1;j<N;j++) if(b[k]>b[j])  k=j;
      if(k != i )
      {
        t=b[i]; b[i]=b[k]; b[k]=t;
      }
   }
   mid=b[N/2];
   for(i=0; i<N; i++)
     if(x[i] < mid) x[i]=mid;
} 
int main(){
   int  i, x[N];
   for(i=0; i<N; i++) scanf("%d",&x[i]);
    fun(x); 
   for(i=0; i<N; i++) printf("%d ",x[i]);
return 0;
}
[2018-06-24 12:56:56,471] Student.py:660(POST): [DEBUG] return 0;
[2018-06-24 12:56:56,471] Student.py:660(POST): [DEBUG] return 0;
[2018-06-24 12:59:03,978] Student.py:659(POST): [DEBUG] #include  <stdio.h>

#define    N    9
 
void fun(int  x[]){
   int  i,j,k,t,mid,b[N];
   for(i=0;i<N;i++) b[i]=x[i];
   for(i=0;i<=N/2;i++)
   {  k=i;
      for(j=i+1;j<N;j++) if(b[k]>b[j])  k=j;
      if(k != i )
      {
        t=b[i]; b[i]=b[k]; b[k]=t;
      }
   }
   mid=b[N/2];
   for(i=0; i<N; i++)
     if(x[i] < mid) x[i]=mid;
} 
int main(){
   int  i, x[N];
   for(i=0; i<N; i++) scanf("%d",&x[i]);
    fun(x); 
   for(i=0; i<N; i++) printf("%d ",x[i]);
return 0;
}
[2018-06-24 12:59:03,979] Student.py:660(POST): [DEBUG] return 0;
[2018-06-24 12:59:03,979] Student.py:660(POST): [DEBUG] return 0;
[2018-06-24 13:01:46,101] Student.py:641(POST): [DEBUG] {'ex_name': u'xiaoyu', 'ex_state': u'4', 'ex_delay_password': u'', 'ex_duration': 10.0, 'ex_login_password': u'123', 'ex_change_password': u'', 'ex_time_start': datetime.datetime(2018, 6, 24, 12, 58, 45), 'ex_id': 4L, 'ex_restart_password': u'', 'strategy_sg_id': 8L, 'ex_node': None, 'ex_time_end': datetime.datetime(2018, 6, 24, 13, 0, 55), 'ex_auto': u'1', 'ex_type': u'0'}
[2018-06-24 13:12:28,008] util.py:421(SaveFillb): [DEBUG] {'qt_id': 1923L, 'eq_get_score': -2.0, 'eq_qt_type': u'fillb', 'eq_answer': u'\u7b54\u6848', 'eq_id': 1161L, 'information_in_id': 21L, 'fillb_coding': None, 'eq_pre_score': 3.33}
[2018-06-24 13:12:28,022] util.py:421(SaveFillb): [DEBUG] {'qt_id': 1923L, 'eq_get_score': -2.0, 'eq_qt_type': u'fillb', 'eq_answer': u'\u7b54\u6848', 'eq_id': 1162L, 'information_in_id': 21L, 'fillb_coding': None, 'eq_pre_score': 3.33}
[2018-06-24 13:12:28,022] util.py:421(SaveFillb): [DEBUG] {'qt_id': 1923L, 'eq_get_score': -2.0, 'eq_qt_type': u'fillb', 'eq_answer': u'\u7b54\u6848', 'eq_id': 1162L, 'information_in_id': 21L, 'fillb_coding': None, 'eq_pre_score': 3.33}
[2018-06-24 13:12:28,041] util.py:421(SaveFillb): [DEBUG] {'qt_id': 1923L, 'eq_get_score': -2.0, 'eq_qt_type': u'fillb', 'eq_answer': u'return 0;', 'eq_id': 1163L, 'information_in_id': 21L, 'fillb_coding': u'#include  <stdio.h>\n\n#define    N    9\n \nvoid fun(int  x[]){\n   int  i,j,k,t,mid,b[N];\n   for(i=0;i<N;i++) b[i]=x[i];\n   for(i=0;i<=N/2;i++)\n   {  k=i;\n      for(j=i+1;j<N;j++) if(b[k]>b[j])  k=j;\n      if(k != i )\n      {\n        t=b[i]; b[i]=b[k]; b[k]=t;\n      }\n   }\n   mid=b[N/2];\n   for(i=0; i<N; i++)\n     if(x[i] < mid) x[i]=mid;\n} \nint main(){\n   int  i, x[N];\n   for(i=0; i<N; i++) scanf("%d",&x[i]);\n    fun(x); \n   for(i=0; i<N; i++) printf("%d ",x[i]);\nreturn 0;\n}', 'eq_pre_score': 3.33}
[2018-06-24 13:12:28,041] util.py:421(SaveFillb): [DEBUG] {'qt_id': 1923L, 'eq_get_score': -2.0, 'eq_qt_type': u'fillb', 'eq_answer': u'return 0;', 'eq_id': 1163L, 'information_in_id': 21L, 'fillb_coding': u'#include  <stdio.h>\n\n#define    N    9\n \nvoid fun(int  x[]){\n   int  i,j,k,t,mid,b[N];\n   for(i=0;i<N;i++) b[i]=x[i];\n   for(i=0;i<=N/2;i++)\n   {  k=i;\n      for(j=i+1;j<N;j++) if(b[k]>b[j])  k=j;\n      if(k != i )\n      {\n        t=b[i]; b[i]=b[k]; b[k]=t;\n      }\n   }\n   mid=b[N/2];\n   for(i=0; i<N; i++)\n     if(x[i] < mid) x[i]=mid;\n} \nint main(){\n   int  i, x[N];\n   for(i=0; i<N; i++) scanf("%d",&x[i]);\n    fun(x); \n   for(i=0; i<N; i++) printf("%d ",x[i]);\nreturn 0;\n}', 'eq_pre_score': 3.33}
[2018-06-24 13:12:28,041] util.py:421(SaveFillb): [DEBUG] {'qt_id': 1923L, 'eq_get_score': -2.0, 'eq_qt_type': u'fillb', 'eq_answer': u'return 0;', 'eq_id': 1163L, 'information_in_id': 21L, 'fillb_coding': u'#include  <stdio.h>\n\n#define    N    9\n \nvoid fun(int  x[]){\n   int  i,j,k,t,mid,b[N];\n   for(i=0;i<N;i++) b[i]=x[i];\n   for(i=0;i<=N/2;i++)\n   {  k=i;\n      for(j=i+1;j<N;j++) if(b[k]>b[j])  k=j;\n      if(k != i )\n      {\n        t=b[i]; b[i]=b[k]; b[k]=t;\n      }\n   }\n   mid=b[N/2];\n   for(i=0; i<N; i++)\n     if(x[i] < mid) x[i]=mid;\n} \nint main(){\n   int  i, x[N];\n   for(i=0; i<N; i++) scanf("%d",&x[i]);\n    fun(x); \n   for(i=0; i<N; i++) printf("%d ",x[i]);\nreturn 0;\n}', 'eq_pre_score': 3.33}
